{"C:\\Users\\go609\\Documents\\Github\\to-list-api\\src\\models\\taskmodel.js": {"path":"C:\\Users\\go609\\Documents\\Github\\to-list-api\\src\\models\\taskmodel.js","statementMap":{"0":{"start":{"line":1,"column":17},"end":{"line":1,"column":36}},"1":{"start":{"line":3,"column":19},"end":{"line":7,"column":22}},"2":{"start":{"line":9,"column":13},"end":{"line":9,"column":47}},"3":{"start":{"line":11,"column":0},"end":{"line":11,"column":22}}},"fnMap":{},"branchMap":{},"s":{"0":1,"1":1,"2":1,"3":1},"f":{},"b":{},"_coverageSchema":"1a1c01bbd47fc00a2c39e90264f33305004495a9","hash":"141a3ea3e9d1bab987a5967e2557652b5e376594"}
}
